[INFO] [2017-07-28 08:48:44][org.springframework.web.context.ContextLoader]Root WebApplicationContext: initialization started
  [INFO] [2017-07-28 08:48:45][org.springframework.web.context.support.XmlWebApplicationContext]Refreshing Root WebApplicationContext: startup date [Fri Jul 28 08:48:44 CST 2017]; root of context hierarchy
  [INFO] [2017-07-28 08:48:45][org.springframework.beans.factory.xml.XmlBeanDefinitionReader]Loading XML bean definitions from class path resource [spring-mybatis.xml]
  [INFO] [2017-07-28 08:48:46][org.springframework.beans.factory.config.PropertyPlaceholderConfigurer]Loading properties file from class path resource [jdbc.properties]
  [INFO] [2017-07-28 08:48:46][org.springframework.beans.factory.annotation.AutowiredAnnotationBeanPostProcessor]JSR-330 'javax.inject.Inject' annotation found and supported for autowiring
  [INFO] [2017-07-28 08:48:47][org.springframework.web.context.ContextLoader]Root WebApplicationContext: initialization completed in 3490 ms
  [INFO] [2017-07-28 08:48:47][org.springframework.web.servlet.DispatcherServlet]FrameworkServlet 'SpringMVC': initialization started
  [INFO] [2017-07-28 08:48:47][org.springframework.web.context.support.XmlWebApplicationContext]Refreshing WebApplicationContext for namespace 'SpringMVC-servlet': startup date [Fri Jul 28 08:48:47 CST 2017]; parent: Root WebApplicationContext
  [INFO] [2017-07-28 08:48:47][org.springframework.beans.factory.xml.XmlBeanDefinitionReader]Loading XML bean definitions from class path resource [spring-mvc.xml]
  [INFO] [2017-07-28 08:48:48][org.springframework.beans.factory.annotation.AutowiredAnnotationBeanPostProcessor]JSR-330 'javax.inject.Inject' annotation found and supported for autowiring
  [INFO] [2017-07-28 08:48:49][org.springframework.web.servlet.mvc.annotation.DefaultAnnotationHandlerMapping]Mapped URL path [/hero/list] onto handler 'heroController'
  [INFO] [2017-07-28 08:48:49][org.springframework.web.servlet.mvc.annotation.DefaultAnnotationHandlerMapping]Mapped URL path [/hero/list.*] onto handler 'heroController'
  [INFO] [2017-07-28 08:48:49][org.springframework.web.servlet.mvc.annotation.DefaultAnnotationHandlerMapping]Mapped URL path [/hero/list/] onto handler 'heroController'
  [INFO] [2017-07-28 08:48:50][org.springframework.web.servlet.DispatcherServlet]FrameworkServlet 'SpringMVC': initialization completed in 2077 ms
  [WARN] [2017-07-28 08:49:05][org.springframework.web.servlet.PageNotFound]No mapping found for HTTP request with URI [/product/list] in DispatcherServlet with name 'SpringMVC'
  [WARN] [2017-07-28 08:49:07][org.springframework.web.servlet.PageNotFound]No mapping found for HTTP request with URI [/] in DispatcherServlet with name 'SpringMVC'
  [WARN] [2017-07-28 08:49:41][org.springframework.web.servlet.PageNotFound]No mapping found for HTTP request with URI [/formal-ssm/hero/list] in DispatcherServlet with name 'SpringMVC'
  [INFO] [2017-07-28 08:53:34][org.springframework.web.context.ContextLoader]Root WebApplicationContext: initialization started
  [INFO] [2017-07-28 08:53:35][org.springframework.web.context.support.XmlWebApplicationContext]Refreshing Root WebApplicationContext: startup date [Fri Jul 28 08:53:35 CST 2017]; root of context hierarchy
  [INFO] [2017-07-28 08:53:35][org.springframework.beans.factory.xml.XmlBeanDefinitionReader]Loading XML bean definitions from class path resource [spring-mybatis.xml]
  [INFO] [2017-07-28 08:53:35][org.springframework.beans.factory.config.PropertyPlaceholderConfigurer]Loading properties file from class path resource [jdbc.properties]
  [INFO] [2017-07-28 08:53:35][org.springframework.beans.factory.annotation.AutowiredAnnotationBeanPostProcessor]JSR-330 'javax.inject.Inject' annotation found and supported for autowiring
  [INFO] [2017-07-28 08:53:36][org.springframework.web.context.ContextLoader]Root WebApplicationContext: initialization completed in 1625 ms
  [INFO] [2017-07-28 08:53:36][org.springframework.web.servlet.DispatcherServlet]FrameworkServlet 'SpringMVC': initialization started
  [INFO] [2017-07-28 08:53:36][org.springframework.web.context.support.XmlWebApplicationContext]Refreshing WebApplicationContext for namespace 'SpringMVC-servlet': startup date [Fri Jul 28 08:53:36 CST 2017]; parent: Root WebApplicationContext
  [INFO] [2017-07-28 08:53:36][org.springframework.beans.factory.xml.XmlBeanDefinitionReader]Loading XML bean definitions from class path resource [spring-mvc.xml]
  [INFO] [2017-07-28 08:53:36][org.springframework.beans.factory.annotation.AutowiredAnnotationBeanPostProcessor]JSR-330 'javax.inject.Inject' annotation found and supported for autowiring
  [INFO] [2017-07-28 08:53:38][org.springframework.web.servlet.mvc.annotation.DefaultAnnotationHandlerMapping]Mapped URL path [/hero/list] onto handler 'heroController'
  [INFO] [2017-07-28 08:53:38][org.springframework.web.servlet.mvc.annotation.DefaultAnnotationHandlerMapping]Mapped URL path [/hero/list.*] onto handler 'heroController'
  [INFO] [2017-07-28 08:53:38][org.springframework.web.servlet.mvc.annotation.DefaultAnnotationHandlerMapping]Mapped URL path [/hero/list/] onto handler 'heroController'
  [INFO] [2017-07-28 08:53:38][org.springframework.web.servlet.DispatcherServlet]FrameworkServlet 'SpringMVC': initialization completed in 2196 ms
  [INFO] [2017-07-28 09:51:00][org.springframework.web.context.ContextLoader]Root WebApplicationContext: initialization started
  [INFO] [2017-07-28 09:51:01][org.springframework.web.context.support.XmlWebApplicationContext]Refreshing Root WebApplicationContext: startup date [Fri Jul 28 09:51:01 CST 2017]; root of context hierarchy
  [INFO] [2017-07-28 09:51:01][org.springframework.beans.factory.xml.XmlBeanDefinitionReader]Loading XML bean definitions from class path resource [spring-mybatis.xml]
  [INFO] [2017-07-28 09:51:02][org.springframework.beans.factory.config.PropertyPlaceholderConfigurer]Loading properties file from class path resource [jdbc.properties]
  [INFO] [2017-07-28 09:51:02][org.springframework.beans.factory.annotation.AutowiredAnnotationBeanPostProcessor]JSR-330 'javax.inject.Inject' annotation found and supported for autowiring
  [INFO] [2017-07-28 09:51:03][org.springframework.web.context.ContextLoader]Root WebApplicationContext: initialization completed in 2223 ms
  [INFO] [2017-07-28 09:51:03][org.springframework.web.servlet.DispatcherServlet]FrameworkServlet 'SpringMVC': initialization started
  [INFO] [2017-07-28 09:51:03][org.springframework.web.context.support.XmlWebApplicationContext]Refreshing WebApplicationContext for namespace 'SpringMVC-servlet': startup date [Fri Jul 28 09:51:03 CST 2017]; parent: Root WebApplicationContext
  [INFO] [2017-07-28 09:51:03][org.springframework.beans.factory.xml.XmlBeanDefinitionReader]Loading XML bean definitions from class path resource [spring-mvc.xml]
  [INFO] [2017-07-28 09:51:03][org.springframework.beans.factory.annotation.AutowiredAnnotationBeanPostProcessor]JSR-330 'javax.inject.Inject' annotation found and supported for autowiring
  [INFO] [2017-07-28 09:51:04][org.springframework.web.servlet.mvc.annotation.DefaultAnnotationHandlerMapping]Mapped URL path [/hero/list] onto handler 'heroController'
  [INFO] [2017-07-28 09:51:04][org.springframework.web.servlet.mvc.annotation.DefaultAnnotationHandlerMapping]Mapped URL path [/hero/list.*] onto handler 'heroController'
  [INFO] [2017-07-28 09:51:04][org.springframework.web.servlet.mvc.annotation.DefaultAnnotationHandlerMapping]Mapped URL path [/hero/list/] onto handler 'heroController'
  [INFO] [2017-07-28 09:51:04][org.springframework.web.servlet.DispatcherServlet]FrameworkServlet 'SpringMVC': initialization completed in 923 ms
  [INFO] [2017-07-28 09:51:40][org.springframework.beans.factory.xml.XmlBeanDefinitionReader]Loading XML bean definitions from class path resource [org/springframework/jdbc/support/sql-error-codes.xml]
  [INFO] [2017-07-28 09:51:40][org.springframework.jdbc.support.SQLErrorCodesFactory]SQLErrorCodes loaded: [DB2, Derby, H2, HSQL, Informix, MS-SQL, MySQL, Oracle, PostgreSQL, Sybase, Hana]
  [INFO] [2017-07-28 10:02:56][org.springframework.web.context.ContextLoader]Root WebApplicationContext: initialization started
  [INFO] [2017-07-28 10:02:56][org.springframework.web.context.support.XmlWebApplicationContext]Refreshing Root WebApplicationContext: startup date [Fri Jul 28 10:02:56 CST 2017]; root of context hierarchy
  [INFO] [2017-07-28 10:02:56][org.springframework.beans.factory.xml.XmlBeanDefinitionReader]Loading XML bean definitions from class path resource [spring-mybatis.xml]
  [INFO] [2017-07-28 10:02:57][org.springframework.beans.factory.config.PropertyPlaceholderConfigurer]Loading properties file from class path resource [jdbc.properties]
  [INFO] [2017-07-28 10:02:57][org.springframework.beans.factory.annotation.AutowiredAnnotationBeanPostProcessor]JSR-330 'javax.inject.Inject' annotation found and supported for autowiring
  [INFO] [2017-07-28 10:02:58][org.springframework.web.context.ContextLoader]Root WebApplicationContext: initialization completed in 2076 ms
  [INFO] [2017-07-28 10:02:58][org.springframework.web.servlet.DispatcherServlet]FrameworkServlet 'SpringMVC': initialization started
  [INFO] [2017-07-28 10:02:58][org.springframework.web.context.support.XmlWebApplicationContext]Refreshing WebApplicationContext for namespace 'SpringMVC-servlet': startup date [Fri Jul 28 10:02:58 CST 2017]; parent: Root WebApplicationContext
  [INFO] [2017-07-28 10:02:58][org.springframework.beans.factory.xml.XmlBeanDefinitionReader]Loading XML bean definitions from class path resource [spring-mvc.xml]
  [INFO] [2017-07-28 10:02:59][org.springframework.beans.factory.annotation.AutowiredAnnotationBeanPostProcessor]JSR-330 'javax.inject.Inject' annotation found and supported for autowiring
  [INFO] [2017-07-28 10:02:59][org.springframework.web.servlet.mvc.annotation.DefaultAnnotationHandlerMapping]Mapped URL path [/hero/list] onto handler 'heroController'
  [INFO] [2017-07-28 10:02:59][org.springframework.web.servlet.mvc.annotation.DefaultAnnotationHandlerMapping]Mapped URL path [/hero/list.*] onto handler 'heroController'
  [INFO] [2017-07-28 10:02:59][org.springframework.web.servlet.mvc.annotation.DefaultAnnotationHandlerMapping]Mapped URL path [/hero/list/] onto handler 'heroController'
  [INFO] [2017-07-28 10:02:59][org.springframework.web.servlet.DispatcherServlet]FrameworkServlet 'SpringMVC': initialization completed in 988 ms
  [INFO] [2017-07-28 10:03:19][org.springframework.beans.factory.xml.XmlBeanDefinitionReader]Loading XML bean definitions from class path resource [org/springframework/jdbc/support/sql-error-codes.xml]
  [INFO] [2017-07-28 10:03:19][org.springframework.jdbc.support.SQLErrorCodesFactory]SQLErrorCodes loaded: [DB2, Derby, H2, HSQL, Informix, MS-SQL, MySQL, Oracle, PostgreSQL, Sybase, Hana]
  [INFO] [2017-07-28 10:04:06][org.springframework.web.context.ContextLoader]Root WebApplicationContext: initialization started
  [INFO] [2017-07-28 10:04:06][org.springframework.web.context.support.XmlWebApplicationContext]Refreshing Root WebApplicationContext: startup date [Fri Jul 28 10:04:06 CST 2017]; root of context hierarchy
  [INFO] [2017-07-28 10:04:06][org.springframework.beans.factory.xml.XmlBeanDefinitionReader]Loading XML bean definitions from class path resource [spring-mybatis.xml]
  [INFO] [2017-07-28 10:04:07][org.springframework.beans.factory.config.PropertyPlaceholderConfigurer]Loading properties file from class path resource [jdbc.properties]
  [INFO] [2017-07-28 10:04:07][org.springframework.beans.factory.annotation.AutowiredAnnotationBeanPostProcessor]JSR-330 'javax.inject.Inject' annotation found and supported for autowiring
  [INFO] [2017-07-28 10:04:08][org.springframework.web.context.ContextLoader]Root WebApplicationContext: initialization completed in 1768 ms
  [INFO] [2017-07-28 10:04:08][org.springframework.web.servlet.DispatcherServlet]FrameworkServlet 'SpringMVC': initialization started
  [INFO] [2017-07-28 10:04:08][org.springframework.web.context.support.XmlWebApplicationContext]Refreshing WebApplicationContext for namespace 'SpringMVC-servlet': startup date [Fri Jul 28 10:04:08 CST 2017]; parent: Root WebApplicationContext
  [INFO] [2017-07-28 10:04:08][org.springframework.beans.factory.xml.XmlBeanDefinitionReader]Loading XML bean definitions from class path resource [spring-mvc.xml]
  [INFO] [2017-07-28 10:04:08][org.springframework.beans.factory.annotation.AutowiredAnnotationBeanPostProcessor]JSR-330 'javax.inject.Inject' annotation found and supported for autowiring
  [INFO] [2017-07-28 10:04:09][org.springframework.web.servlet.mvc.annotation.DefaultAnnotationHandlerMapping]Mapped URL path [/hero/list] onto handler 'heroController'
  [INFO] [2017-07-28 10:04:09][org.springframework.web.servlet.mvc.annotation.DefaultAnnotationHandlerMapping]Mapped URL path [/hero/list.*] onto handler 'heroController'
  [INFO] [2017-07-28 10:04:09][org.springframework.web.servlet.mvc.annotation.DefaultAnnotationHandlerMapping]Mapped URL path [/hero/list/] onto handler 'heroController'
  [INFO] [2017-07-28 10:04:09][org.springframework.web.servlet.DispatcherServlet]FrameworkServlet 'SpringMVC': initialization completed in 1105 ms
  [INFO] [2017-07-28 10:04:44][org.springframework.beans.factory.xml.XmlBeanDefinitionReader]Loading XML bean definitions from class path resource [org/springframework/jdbc/support/sql-error-codes.xml]
  [INFO] [2017-07-28 10:04:44][org.springframework.jdbc.support.SQLErrorCodesFactory]SQLErrorCodes loaded: [DB2, Derby, H2, HSQL, Informix, MS-SQL, MySQL, Oracle, PostgreSQL, Sybase, Hana]
  [INFO] [2017-07-28 10:08:49][org.springframework.web.context.ContextLoader]Root WebApplicationContext: initialization started
  [INFO] [2017-07-28 10:08:49][org.springframework.web.context.support.XmlWebApplicationContext]Refreshing Root WebApplicationContext: startup date [Fri Jul 28 10:08:49 CST 2017]; root of context hierarchy
  [INFO] [2017-07-28 10:08:49][org.springframework.beans.factory.xml.XmlBeanDefinitionReader]Loading XML bean definitions from class path resource [spring-mybatis.xml]
  [INFO] [2017-07-28 10:08:50][org.springframework.beans.factory.config.PropertyPlaceholderConfigurer]Loading properties file from class path resource [jdbc.properties]
  [INFO] [2017-07-28 10:08:50][org.springframework.beans.factory.annotation.AutowiredAnnotationBeanPostProcessor]JSR-330 'javax.inject.Inject' annotation found and supported for autowiring
  [INFO] [2017-07-28 10:08:51][org.springframework.web.context.ContextLoader]Root WebApplicationContext: initialization completed in 2029 ms
  [INFO] [2017-07-28 10:08:51][org.springframework.web.servlet.DispatcherServlet]FrameworkServlet 'SpringMVC': initialization started
  [INFO] [2017-07-28 10:08:51][org.springframework.web.context.support.XmlWebApplicationContext]Refreshing WebApplicationContext for namespace 'SpringMVC-servlet': startup date [Fri Jul 28 10:08:51 CST 2017]; parent: Root WebApplicationContext
  [INFO] [2017-07-28 10:08:51][org.springframework.beans.factory.xml.XmlBeanDefinitionReader]Loading XML bean definitions from class path resource [spring-mvc.xml]
  [INFO] [2017-07-28 10:08:51][org.springframework.beans.factory.annotation.AutowiredAnnotationBeanPostProcessor]JSR-330 'javax.inject.Inject' annotation found and supported for autowiring
  [INFO] [2017-07-28 10:08:52][org.springframework.web.servlet.mvc.annotation.DefaultAnnotationHandlerMapping]Mapped URL path [/hero/list] onto handler 'heroController'
  [INFO] [2017-07-28 10:08:52][org.springframework.web.servlet.mvc.annotation.DefaultAnnotationHandlerMapping]Mapped URL path [/hero/list.*] onto handler 'heroController'
  [INFO] [2017-07-28 10:08:52][org.springframework.web.servlet.mvc.annotation.DefaultAnnotationHandlerMapping]Mapped URL path [/hero/list/] onto handler 'heroController'
  [INFO] [2017-07-28 10:08:52][org.springframework.web.servlet.DispatcherServlet]FrameworkServlet 'SpringMVC': initialization completed in 1172 ms
  [INFO] [2017-07-28 10:16:05][org.springframework.web.context.ContextLoader]Root WebApplicationContext: initialization started
  [INFO] [2017-07-28 10:16:05][org.springframework.web.context.support.XmlWebApplicationContext]Refreshing Root WebApplicationContext: startup date [Fri Jul 28 10:16:05 CST 2017]; root of context hierarchy
  [INFO] [2017-07-28 10:16:05][org.springframework.beans.factory.xml.XmlBeanDefinitionReader]Loading XML bean definitions from class path resource [spring-mybatis.xml]
  [INFO] [2017-07-28 10:16:06][org.springframework.beans.factory.config.PropertyPlaceholderConfigurer]Loading properties file from class path resource [jdbc.properties]
  [INFO] [2017-07-28 10:16:06][org.springframework.beans.factory.annotation.AutowiredAnnotationBeanPostProcessor]JSR-330 'javax.inject.Inject' annotation found and supported for autowiring
  [INFO] [2017-07-28 10:16:07][org.springframework.web.context.ContextLoader]Root WebApplicationContext: initialization completed in 2545 ms
  [INFO] [2017-07-28 10:16:07][org.springframework.web.servlet.DispatcherServlet]FrameworkServlet 'SpringMVC': initialization started
  [INFO] [2017-07-28 10:16:07][org.springframework.web.context.support.XmlWebApplicationContext]Refreshing WebApplicationContext for namespace 'SpringMVC-servlet': startup date [Fri Jul 28 10:16:07 CST 2017]; parent: Root WebApplicationContext
  [INFO] [2017-07-28 10:16:07][org.springframework.beans.factory.xml.XmlBeanDefinitionReader]Loading XML bean definitions from class path resource [spring-mvc.xml]
  [INFO] [2017-07-28 10:16:08][org.springframework.beans.factory.annotation.AutowiredAnnotationBeanPostProcessor]JSR-330 'javax.inject.Inject' annotation found and supported for autowiring
  [INFO] [2017-07-28 10:16:09][org.springframework.web.servlet.mvc.annotation.DefaultAnnotationHandlerMapping]Mapped URL path [/hero/list] onto handler 'heroController'
  [INFO] [2017-07-28 10:16:09][org.springframework.web.servlet.mvc.annotation.DefaultAnnotationHandlerMapping]Mapped URL path [/hero/list.*] onto handler 'heroController'
  [INFO] [2017-07-28 10:16:09][org.springframework.web.servlet.mvc.annotation.DefaultAnnotationHandlerMapping]Mapped URL path [/hero/list/] onto handler 'heroController'
  [INFO] [2017-07-28 10:16:09][org.springframework.web.servlet.DispatcherServlet]FrameworkServlet 'SpringMVC': initialization completed in 1552 ms
  [INFO] [2017-07-28 10:23:41][org.springframework.web.context.ContextLoader]Root WebApplicationContext: initialization started
  [INFO] [2017-07-28 10:23:41][org.springframework.web.context.support.XmlWebApplicationContext]Refreshing Root WebApplicationContext: startup date [Fri Jul 28 10:23:41 CST 2017]; root of context hierarchy
  [INFO] [2017-07-28 10:23:41][org.springframework.beans.factory.xml.XmlBeanDefinitionReader]Loading XML bean definitions from class path resource [spring-mybatis.xml]
  [INFO] [2017-07-28 10:23:42][org.springframework.beans.factory.config.PropertyPlaceholderConfigurer]Loading properties file from class path resource [jdbc.properties]
  [INFO] [2017-07-28 10:23:42][org.springframework.beans.factory.annotation.AutowiredAnnotationBeanPostProcessor]JSR-330 'javax.inject.Inject' annotation found and supported for autowiring
  [INFO] [2017-07-28 10:23:43][org.springframework.web.context.ContextLoader]Root WebApplicationContext: initialization completed in 2758 ms
  [INFO] [2017-07-28 10:23:44][org.springframework.web.servlet.DispatcherServlet]FrameworkServlet 'SpringMVC': initialization started
  [INFO] [2017-07-28 10:23:44][org.springframework.web.context.support.XmlWebApplicationContext]Refreshing WebApplicationContext for namespace 'SpringMVC-servlet': startup date [Fri Jul 28 10:23:44 CST 2017]; parent: Root WebApplicationContext
  [INFO] [2017-07-28 10:23:44][org.springframework.beans.factory.xml.XmlBeanDefinitionReader]Loading XML bean definitions from class path resource [spring-mvc.xml]
  [INFO] [2017-07-28 10:23:44][org.springframework.beans.factory.annotation.AutowiredAnnotationBeanPostProcessor]JSR-330 'javax.inject.Inject' annotation found and supported for autowiring
  [INFO] [2017-07-28 10:23:44][org.springframework.web.servlet.mvc.annotation.DefaultAnnotationHandlerMapping]Mapped URL path [/hero/list] onto handler 'heroController'
  [INFO] [2017-07-28 10:23:44][org.springframework.web.servlet.mvc.annotation.DefaultAnnotationHandlerMapping]Mapped URL path [/hero/list.*] onto handler 'heroController'
  [INFO] [2017-07-28 10:23:44][org.springframework.web.servlet.mvc.annotation.DefaultAnnotationHandlerMapping]Mapped URL path [/hero/list/] onto handler 'heroController'
  [INFO] [2017-07-28 10:23:45][org.springframework.web.servlet.DispatcherServlet]FrameworkServlet 'SpringMVC': initialization completed in 1045 ms
  [INFO] [2017-07-28 10:29:14][org.springframework.web.context.ContextLoader]Root WebApplicationContext: initialization started
  [INFO] [2017-07-28 10:29:14][org.springframework.web.context.support.XmlWebApplicationContext]Refreshing Root WebApplicationContext: startup date [Fri Jul 28 10:29:14 CST 2017]; root of context hierarchy
  [INFO] [2017-07-28 10:29:14][org.springframework.beans.factory.xml.XmlBeanDefinitionReader]Loading XML bean definitions from class path resource [spring-mybatis.xml]
  [INFO] [2017-07-28 10:29:15][org.springframework.beans.factory.config.PropertyPlaceholderConfigurer]Loading properties file from class path resource [jdbc.properties]
  [INFO] [2017-07-28 10:29:15][org.springframework.beans.factory.annotation.AutowiredAnnotationBeanPostProcessor]JSR-330 'javax.inject.Inject' annotation found and supported for autowiring
  [INFO] [2017-07-28 10:29:16][org.springframework.web.context.ContextLoader]Root WebApplicationContext: initialization completed in 1970 ms
  [INFO] [2017-07-28 10:29:16][org.springframework.web.servlet.DispatcherServlet]FrameworkServlet 'SpringMVC': initialization started
  [INFO] [2017-07-28 10:29:16][org.springframework.web.context.support.XmlWebApplicationContext]Refreshing WebApplicationContext for namespace 'SpringMVC-servlet': startup date [Fri Jul 28 10:29:16 CST 2017]; parent: Root WebApplicationContext
  [INFO] [2017-07-28 10:29:16][org.springframework.beans.factory.xml.XmlBeanDefinitionReader]Loading XML bean definitions from class path resource [spring-mvc.xml]
  [INFO] [2017-07-28 10:29:16][org.springframework.beans.factory.annotation.AutowiredAnnotationBeanPostProcessor]JSR-330 'javax.inject.Inject' annotation found and supported for autowiring
  [INFO] [2017-07-28 10:29:17][org.springframework.web.servlet.mvc.annotation.DefaultAnnotationHandlerMapping]Mapped URL path [/hero/list] onto handler 'heroController'
  [INFO] [2017-07-28 10:29:17][org.springframework.web.servlet.mvc.annotation.DefaultAnnotationHandlerMapping]Mapped URL path [/hero/list.*] onto handler 'heroController'
  [INFO] [2017-07-28 10:29:17][org.springframework.web.servlet.mvc.annotation.DefaultAnnotationHandlerMapping]Mapped URL path [/hero/list/] onto handler 'heroController'
  [INFO] [2017-07-28 10:29:17][org.springframework.web.servlet.DispatcherServlet]FrameworkServlet 'SpringMVC': initialization completed in 1100 ms
  [INFO] [2017-07-28 10:55:07][org.springframework.web.context.ContextLoader]Root WebApplicationContext: initialization started
  [INFO] [2017-07-28 10:55:07][org.springframework.web.context.support.XmlWebApplicationContext]Refreshing Root WebApplicationContext: startup date [Fri Jul 28 10:55:07 CST 2017]; root of context hierarchy
  [INFO] [2017-07-28 10:55:07][org.springframework.beans.factory.xml.XmlBeanDefinitionReader]Loading XML bean definitions from class path resource [spring-mybatis.xml]
  [INFO] [2017-07-28 10:55:08][org.springframework.beans.factory.config.PropertyPlaceholderConfigurer]Loading properties file from class path resource [jdbc.properties]
  [INFO] [2017-07-28 10:55:08][org.springframework.beans.factory.annotation.AutowiredAnnotationBeanPostProcessor]JSR-330 'javax.inject.Inject' annotation found and supported for autowiring
  [INFO] [2017-07-28 10:55:09][org.springframework.web.context.ContextLoader]Root WebApplicationContext: initialization completed in 2319 ms
  [INFO] [2017-07-28 10:55:09][org.springframework.web.servlet.DispatcherServlet]FrameworkServlet 'SpringMVC': initialization started
  [INFO] [2017-07-28 10:55:09][org.springframework.web.context.support.XmlWebApplicationContext]Refreshing WebApplicationContext for namespace 'SpringMVC-servlet': startup date [Fri Jul 28 10:55:09 CST 2017]; parent: Root WebApplicationContext
  [INFO] [2017-07-28 10:55:09][org.springframework.beans.factory.xml.XmlBeanDefinitionReader]Loading XML bean definitions from class path resource [spring-mvc.xml]
  [INFO] [2017-07-28 10:55:10][org.springframework.beans.factory.annotation.AutowiredAnnotationBeanPostProcessor]JSR-330 'javax.inject.Inject' annotation found and supported for autowiring
  [INFO] [2017-07-28 10:55:11][org.springframework.web.servlet.mvc.annotation.DefaultAnnotationHandlerMapping]Mapped URL path [/hero/list] onto handler 'heroController'
  [INFO] [2017-07-28 10:55:11][org.springframework.web.servlet.mvc.annotation.DefaultAnnotationHandlerMapping]Mapped URL path [/hero/list.*] onto handler 'heroController'
  [INFO] [2017-07-28 10:55:11][org.springframework.web.servlet.mvc.annotation.DefaultAnnotationHandlerMapping]Mapped URL path [/hero/list/] onto handler 'heroController'
  [INFO] [2017-07-28 10:55:11][org.springframework.web.servlet.DispatcherServlet]FrameworkServlet 'SpringMVC': initialization completed in 1349 ms
  [INFO] [2017-07-28 11:08:04][org.springframework.web.context.ContextLoader]Root WebApplicationContext: initialization started
  [INFO] [2017-07-28 11:08:04][org.springframework.web.context.support.XmlWebApplicationContext]Refreshing Root WebApplicationContext: startup date [Fri Jul 28 11:08:04 CST 2017]; root of context hierarchy
  [INFO] [2017-07-28 11:08:04][org.springframework.beans.factory.xml.XmlBeanDefinitionReader]Loading XML bean definitions from class path resource [spring-mybatis.xml]
  [INFO] [2017-07-28 11:08:05][org.springframework.beans.factory.config.PropertyPlaceholderConfigurer]Loading properties file from class path resource [jdbc.properties]
  [INFO] [2017-07-28 11:08:05][org.springframework.beans.factory.annotation.AutowiredAnnotationBeanPostProcessor]JSR-330 'javax.inject.Inject' annotation found and supported for autowiring
  [INFO] [2017-07-28 11:08:06][org.springframework.web.context.ContextLoader]Root WebApplicationContext: initialization completed in 1755 ms
  [INFO] [2017-07-28 11:08:06][org.springframework.web.servlet.DispatcherServlet]FrameworkServlet 'SpringMVC': initialization started
  [INFO] [2017-07-28 11:08:06][org.springframework.web.context.support.XmlWebApplicationContext]Refreshing WebApplicationContext for namespace 'SpringMVC-servlet': startup date [Fri Jul 28 11:08:06 CST 2017]; parent: Root WebApplicationContext
  [INFO] [2017-07-28 11:08:06][org.springframework.beans.factory.xml.XmlBeanDefinitionReader]Loading XML bean definitions from class path resource [spring-mvc.xml]
  [INFO] [2017-07-28 11:08:06][org.springframework.beans.factory.annotation.AutowiredAnnotationBeanPostProcessor]JSR-330 'javax.inject.Inject' annotation found and supported for autowiring
  [INFO] [2017-07-28 11:08:07][org.springframework.web.servlet.mvc.annotation.DefaultAnnotationHandlerMapping]Mapped URL path [/hero/list] onto handler 'heroController'
  [INFO] [2017-07-28 11:08:07][org.springframework.web.servlet.mvc.annotation.DefaultAnnotationHandlerMapping]Mapped URL path [/hero/list.*] onto handler 'heroController'
  [INFO] [2017-07-28 11:08:07][org.springframework.web.servlet.mvc.annotation.DefaultAnnotationHandlerMapping]Mapped URL path [/hero/list/] onto handler 'heroController'
  [INFO] [2017-07-28 11:08:07][org.springframework.web.servlet.DispatcherServlet]FrameworkServlet 'SpringMVC': initialization completed in 1056 ms
  